<?xml version="1.0" encoding="UTF-8"?>
<TestRun id="aa97c070-d2d1-4de8-a86b-0043d2d970c4" name="305024278@305024278-PC 2012-04-17 18:02:22" runUser="305024278-PC\305024278" xmlns="http://microsoft.com/schemas/VisualStudio/TeamTest/2010">
  <TestSettings name="Local" id="e7b99bec-0d40-4bec-af5e-d5b64adc87f8">
    <Description>These are default test settings for a local test run.</Description>
    <Deployment enabled="false" runDeploymentRoot="305024278_305024278-PC 2012-04-17 18_02_22">
      <DeploymentItem filename="D:\GitRepositories\MyLab\packages\Moq.4.0.10827\lib\NET40\Moq.dll" />
    </Deployment>
    <Execution>
      <TestTypeSpecific />
      <AgentRule name="Execution Agents">
      </AgentRule>
    </Execution>
  </TestSettings>
  <Times creation="2012-04-17T18:02:22.3714355+09:00" queuing="2012-04-17T18:02:22.4154380+09:00" start="2012-04-17T18:02:22.4234385+09:00" finish="2012-04-17T18:02:22.6484513+09:00" />
  <ResultSummary outcome="Failed">
    <Counters total="1" executed="1" error="0" failed="1" timeout="0" aborted="0" inconclusive="0" passedButRunAborted="0" notRunnable="0" notExecuted="0" disconnected="0" warning="0" passed="0" completed="0" inProgress="0" pending="0" />
  </ResultSummary>
  <TestDefinitions>
    <UnitTest name="TestMethod5" storage="d:\gitrepositories\mylab\moqtest\bin\debug\moqtest.dll" id="811cec66-1d67-e722-c8a2-0787e2691a20">
      <Execution id="bb6656cf-b15e-460b-be74-46061a911fda" />
      <TestMethod codeBase="D:/GitRepositories/MyLab/MoqTest/bin/Debug/MoqTest.DLL" adapterTypeName="Microsoft.VisualStudio.TestTools.TestTypes.Unit.UnitTestAdapter, Microsoft.VisualStudio.QualityTools.Tips.UnitTest.Adapter, Version=10.0.0.0, Culture=neutral, PublicKeyToken=b03f5f7f11d50a3a" className="MoqTest.UnitTest1, MoqTest, Version=1.0.0.0, Culture=neutral, PublicKeyToken=null" name="TestMethod5" />
    </UnitTest>
  </TestDefinitions>
  <TestLists>
    <TestList name="Results Not in a List" id="8c84fa94-04c1-424b-9868-57a2d4851a1d" />
    <TestList name="All Loaded Results" id="19431567-8539-422a-85d7-44ee4e166bda" />
  </TestLists>
  <TestEntries>
    <TestEntry testId="811cec66-1d67-e722-c8a2-0787e2691a20" executionId="bb6656cf-b15e-460b-be74-46061a911fda" testListId="8c84fa94-04c1-424b-9868-57a2d4851a1d" />
  </TestEntries>
  <Results>
    <UnitTestResult executionId="bb6656cf-b15e-460b-be74-46061a911fda" testId="811cec66-1d67-e722-c8a2-0787e2691a20" testName="TestMethod5" computerName="305024278-PC" duration="00:00:00.0532549" startTime="2012-04-17T18:02:22.4264386+09:00" endTime="2012-04-17T18:02:22.6364507+09:00" testType="13cdc9d9-ddb5-4fa4-a97d-d965ccfc6d4b" outcome="Failed" testListId="8c84fa94-04c1-424b-9868-57a2d4851a1d" relativeResultsDirectory="bb6656cf-b15e-460b-be74-46061a911fda">
      <Output>
        <ErrorInfo>
          <Message>Test method MoqTest.UnitTest1.TestMethod5 threw exception: 
System.NotSupportedException: Invalid setup on a non-virtual (overridable in VB) member: x =&gt; x.Id</Message>
          <StackTrace>    at Moq.Mock.ThrowIfCantOverride(Expression setup, MethodInfo method)
   at Moq.Mock.&lt;&gt;c__DisplayClass1f`2.&lt;SetupGet&gt;b__1e()
   at Moq.PexProtector.Invoke[T](Func`1 function)
   at Moq.Mock.SetupGet[T,TProperty](Mock mock, Expression`1 expression, Func`1 condition)
   at Moq.Mock.&lt;&gt;c__DisplayClass1c`2.&lt;Setup&gt;b__1b()
   at Moq.PexProtector.Invoke[T](Func`1 function)
   at Moq.Mock.Setup[T,TResult](Mock mock, Expression`1 expression, Func`1 condition)
   at Moq.Mock`1.Setup[TResult](Expression`1 expression)
   at MoqTest.UnitTest1.TestMethod5() in D:\GitRepositories\MyLab\MoqTest\UnitTest1.cs:line 79
</StackTrace>
        </ErrorInfo>
      </Output>
    </UnitTestResult>
  </Results>
</TestRun>