<?xml version="1.0" encoding="UTF-8"?>
<TestRun id="969405b9-9219-4380-a4d5-d5681a6db1e6" name="305024278@305024278-PC 2012-04-17 17:13:18" runUser="305024278-PC\305024278" xmlns="http://microsoft.com/schemas/VisualStudio/TeamTest/2010">
  <TestSettings name="Local" id="e7b99bec-0d40-4bec-af5e-d5b64adc87f8">
    <Description>These are default test settings for a local test run.</Description>
    <Deployment enabled="false" runDeploymentRoot="305024278_305024278-PC 2012-04-17 17_13_18">
      <DeploymentItem filename="D:\GitRepositories\MyLab\packages\Moq.4.0.10827\lib\NET40\Moq.dll" />
    </Deployment>
    <Execution>
      <TestTypeSpecific />
      <AgentRule name="Execution Agents">
      </AgentRule>
    </Execution>
  </TestSettings>
  <Times creation="2012-04-17T17:13:18.7350691+09:00" queuing="2012-04-17T17:13:18.7680710+09:00" start="2012-04-17T17:13:18.7750714+09:00" finish="2012-04-17T17:13:19.1100906+09:00" />
  <ResultSummary outcome="Completed">
    <Counters total="2" executed="2" passed="2" error="0" failed="0" timeout="0" aborted="0" inconclusive="0" passedButRunAborted="0" notRunnable="0" notExecuted="0" disconnected="0" warning="0" completed="0" inProgress="0" pending="0" />
  </ResultSummary>
  <TestDefinitions>
    <UnitTest name="TestMethod1" storage="d:\gitrepositories\mylab\moqtest\bin\debug\moqtest.dll" id="9ddcdd96-3990-56d7-416f-b280c5f7ab51">
      <Execution id="5b44c655-643d-4796-9cbe-0c5cb4b5f228" />
      <TestMethod codeBase="D:/GitRepositories/MyLab/MoqTest/bin/Debug/MoqTest.DLL" adapterTypeName="Microsoft.VisualStudio.TestTools.TestTypes.Unit.UnitTestAdapter, Microsoft.VisualStudio.QualityTools.Tips.UnitTest.Adapter, Version=10.0.0.0, Culture=neutral, PublicKeyToken=b03f5f7f11d50a3a" className="MoqTest.UnitTest1, MoqTest, Version=1.0.0.0, Culture=neutral, PublicKeyToken=null" name="TestMethod1" />
    </UnitTest>
    <UnitTest name="TestMethod2" storage="d:\gitrepositories\mylab\moqtest\bin\debug\moqtest.dll" id="764e04a1-00c1-db9c-490d-88249b1f2660">
      <Execution id="278c4148-2586-4b03-93e5-5f7b65751ba9" />
      <TestMethod codeBase="D:/GitRepositories/MyLab/MoqTest/bin/Debug/MoqTest.DLL" adapterTypeName="Microsoft.VisualStudio.TestTools.TestTypes.Unit.UnitTestAdapter, Microsoft.VisualStudio.QualityTools.Tips.UnitTest.Adapter, Version=10.0.0.0, Culture=neutral, PublicKeyToken=b03f5f7f11d50a3a" className="MoqTest.UnitTest1, MoqTest, Version=1.0.0.0, Culture=neutral, PublicKeyToken=null" name="TestMethod2" />
    </UnitTest>
  </TestDefinitions>
  <TestLists>
    <TestList name="Results Not in a List" id="8c84fa94-04c1-424b-9868-57a2d4851a1d" />
    <TestList name="All Loaded Results" id="19431567-8539-422a-85d7-44ee4e166bda" />
  </TestLists>
  <TestEntries>
    <TestEntry testId="764e04a1-00c1-db9c-490d-88249b1f2660" executionId="278c4148-2586-4b03-93e5-5f7b65751ba9" testListId="8c84fa94-04c1-424b-9868-57a2d4851a1d" />
    <TestEntry testId="9ddcdd96-3990-56d7-416f-b280c5f7ab51" executionId="5b44c655-643d-4796-9cbe-0c5cb4b5f228" testListId="8c84fa94-04c1-424b-9868-57a2d4851a1d" />
  </TestEntries>
  <Results>
    <UnitTestResult executionId="278c4148-2586-4b03-93e5-5f7b65751ba9" testId="764e04a1-00c1-db9c-490d-88249b1f2660" testName="TestMethod2" computerName="305024278-PC" duration="00:00:00.1497855" startTime="2012-04-17T17:13:18.7780716+09:00" endTime="2012-04-17T17:13:19.0870893+09:00" testType="13cdc9d9-ddb5-4fa4-a97d-d965ccfc6d4b" outcome="Passed" testListId="8c84fa94-04c1-424b-9868-57a2d4851a1d" relativeResultsDirectory="278c4148-2586-4b03-93e5-5f7b65751ba9">
    </UnitTestResult>
    <UnitTestResult executionId="5b44c655-643d-4796-9cbe-0c5cb4b5f228" testId="9ddcdd96-3990-56d7-416f-b280c5f7ab51" testName="TestMethod1" computerName="305024278-PC" duration="00:00:00.0021395" startTime="2012-04-17T17:13:19.0880893+09:00" endTime="2012-04-17T17:13:19.0930896+09:00" testType="13cdc9d9-ddb5-4fa4-a97d-d965ccfc6d4b" outcome="Passed" testListId="8c84fa94-04c1-424b-9868-57a2d4851a1d" relativeResultsDirectory="5b44c655-643d-4796-9cbe-0c5cb4b5f228">
    </UnitTestResult>
  </Results>
</TestRun>