<?xml version="1.0" encoding="UTF-8"?>
<TestRun id="542ddb89-73a9-44d7-bd7f-1c0c74845fc6" name="305024278@305024278-PC 2012-04-17 17:44:59" runUser="305024278-PC\305024278" xmlns="http://microsoft.com/schemas/VisualStudio/TeamTest/2010">
  <TestSettings name="Local" id="e7b99bec-0d40-4bec-af5e-d5b64adc87f8">
    <Description>These are default test settings for a local test run.</Description>
    <Deployment enabled="false" runDeploymentRoot="305024278_305024278-PC 2012-04-17 17_44_59">
      <DeploymentItem filename="D:\GitRepositories\MyLab\packages\Moq.4.0.10827\lib\NET40\Moq.dll" />
    </Deployment>
    <Execution>
      <TestTypeSpecific />
      <AgentRule name="Execution Agents">
      </AgentRule>
    </Execution>
  </TestSettings>
  <Times creation="2012-04-17T17:44:59.9178106+09:00" queuing="2012-04-17T17:44:59.9618131+09:00" start="2012-04-17T17:44:59.9708136+09:00" finish="2012-04-17T17:45:00.2958322+09:00" />
  <ResultSummary outcome="Completed">
    <Counters total="1" executed="1" passed="1" error="0" failed="0" timeout="0" aborted="0" inconclusive="0" passedButRunAborted="0" notRunnable="0" notExecuted="0" disconnected="0" warning="0" completed="0" inProgress="0" pending="0" />
  </ResultSummary>
  <TestDefinitions>
    <UnitTest name="TestMethod4" storage="d:\gitrepositories\mylab\moqtest\bin\debug\moqtest.dll" id="666260d7-e21a-d131-b167-00fa66e6974a">
      <Execution id="5a699220-7639-4e51-8f17-880411ff5440" />
      <TestMethod codeBase="D:/GitRepositories/MyLab/MoqTest/bin/Debug/MoqTest.DLL" adapterTypeName="Microsoft.VisualStudio.TestTools.TestTypes.Unit.UnitTestAdapter, Microsoft.VisualStudio.QualityTools.Tips.UnitTest.Adapter, Version=10.0.0.0, Culture=neutral, PublicKeyToken=b03f5f7f11d50a3a" className="MoqTest.UnitTest1, MoqTest, Version=1.0.0.0, Culture=neutral, PublicKeyToken=null" name="TestMethod4" />
    </UnitTest>
  </TestDefinitions>
  <TestLists>
    <TestList name="Results Not in a List" id="8c84fa94-04c1-424b-9868-57a2d4851a1d" />
    <TestList name="All Loaded Results" id="19431567-8539-422a-85d7-44ee4e166bda" />
  </TestLists>
  <TestEntries>
    <TestEntry testId="666260d7-e21a-d131-b167-00fa66e6974a" executionId="5a699220-7639-4e51-8f17-880411ff5440" testListId="8c84fa94-04c1-424b-9868-57a2d4851a1d" />
  </TestEntries>
  <Results>
    <UnitTestResult executionId="5a699220-7639-4e51-8f17-880411ff5440" testId="666260d7-e21a-d131-b167-00fa66e6974a" testName="TestMethod4" computerName="305024278-PC" duration="00:00:00.1511540" startTime="2012-04-17T17:44:59.9738138+09:00" endTime="2012-04-17T17:45:00.2838315+09:00" testType="13cdc9d9-ddb5-4fa4-a97d-d965ccfc6d4b" outcome="Passed" testListId="8c84fa94-04c1-424b-9868-57a2d4851a1d" relativeResultsDirectory="5a699220-7639-4e51-8f17-880411ff5440">
    </UnitTestResult>
  </Results>
</TestRun>