<?xml version="1.0" encoding="UTF-8"?>
<TestRun id="e02ec0c7-1ada-4470-92f5-862dc0839b60" name="305024278@305024278-PC 2012-04-17 18:02:59" runUser="305024278-PC\305024278" xmlns="http://microsoft.com/schemas/VisualStudio/TeamTest/2010">
  <TestSettings name="Local" id="e7b99bec-0d40-4bec-af5e-d5b64adc87f8">
    <Description>These are default test settings for a local test run.</Description>
    <Deployment enabled="false" runDeploymentRoot="305024278_305024278-PC 2012-04-17 18_02_59">
      <DeploymentItem filename="D:\GitRepositories\MyLab\packages\Moq.4.0.10827\lib\NET40\Moq.dll" />
    </Deployment>
    <Execution>
      <TestTypeSpecific />
      <AgentRule name="Execution Agents">
      </AgentRule>
    </Execution>
  </TestSettings>
  <Times creation="2012-04-17T18:02:59.4045537+09:00" queuing="2012-04-17T18:02:59.4485562+09:00" start="2012-04-17T18:02:59.4555566+09:00" finish="2012-04-17T18:02:59.7905757+09:00" />
  <ResultSummary outcome="Failed">
    <Counters total="1" executed="1" error="0" failed="1" timeout="0" aborted="0" inconclusive="0" passedButRunAborted="0" notRunnable="0" notExecuted="0" disconnected="0" warning="0" passed="0" completed="0" inProgress="0" pending="0" />
  </ResultSummary>
  <TestDefinitions>
    <UnitTest name="TestMethod5" storage="d:\gitrepositories\mylab\moqtest\bin\debug\moqtest.dll" id="811cec66-1d67-e722-c8a2-0787e2691a20">
      <Execution id="9f226c26-d380-44ee-bde3-ea84e0aade25" />
      <TestMethod codeBase="D:/GitRepositories/MyLab/MoqTest/bin/Debug/MoqTest.DLL" adapterTypeName="Microsoft.VisualStudio.TestTools.TestTypes.Unit.UnitTestAdapter, Microsoft.VisualStudio.QualityTools.Tips.UnitTest.Adapter, Version=10.0.0.0, Culture=neutral, PublicKeyToken=b03f5f7f11d50a3a" className="MoqTest.UnitTest1, MoqTest, Version=1.0.0.0, Culture=neutral, PublicKeyToken=null" name="TestMethod5" />
    </UnitTest>
  </TestDefinitions>
  <TestLists>
    <TestList name="Results Not in a List" id="8c84fa94-04c1-424b-9868-57a2d4851a1d" />
    <TestList name="All Loaded Results" id="19431567-8539-422a-85d7-44ee4e166bda" />
  </TestLists>
  <TestEntries>
    <TestEntry testId="811cec66-1d67-e722-c8a2-0787e2691a20" executionId="9f226c26-d380-44ee-bde3-ea84e0aade25" testListId="8c84fa94-04c1-424b-9868-57a2d4851a1d" />
  </TestEntries>
  <Results>
    <UnitTestResult executionId="9f226c26-d380-44ee-bde3-ea84e0aade25" testId="811cec66-1d67-e722-c8a2-0787e2691a20" testName="TestMethod5" computerName="305024278-PC" duration="00:00:00.1625498" startTime="2012-04-17T18:02:59.4575567+09:00" endTime="2012-04-17T18:02:59.7785751+09:00" testType="13cdc9d9-ddb5-4fa4-a97d-d965ccfc6d4b" outcome="Failed" testListId="8c84fa94-04c1-424b-9868-57a2d4851a1d" relativeResultsDirectory="9f226c26-d380-44ee-bde3-ea84e0aade25">
      <Output>
        <ErrorInfo>
          <Message>Test method MoqTest.UnitTest1.TestMethod5 threw exception: 
System.ArgumentException: Can not instantiate proxy of class: MoqTest.Controller.
Could not find a parameterless constructor.
Parameter name: constructorArguments</Message>
          <StackTrace>    at Castle.DynamicProxy.ProxyGenerator.CreateClassProxyInstance(Type proxyType, List`1 proxyArguments, Type classToProxy, Object[] constructorArguments)
   at Castle.DynamicProxy.ProxyGenerator.CreateClassProxy(Type classToProxy, Type[] additionalInterfacesToProxy, ProxyGenerationOptions options, Object[] constructorArguments, IInterceptor[] interceptors)
   at Moq.Proxy.CastleProxyFactory.CreateProxy[T](ICallInterceptor interceptor, Type[] interfaces, Object[] arguments)
   at Moq.Mock`1.&lt;InitializeInstance&gt;b__0()
   at Moq.PexProtector.Invoke(Action action)
   at Moq.Mock`1.InitializeInstance()
   at Moq.Mock`1.OnGetObject()
   at Moq.Mock`1.get_Object()
   at MoqTest.UnitTest1.TestMethod5() in D:\GitRepositories\MyLab\MoqTest\UnitTest1.cs:line 81
</StackTrace>
        </ErrorInfo>
      </Output>
    </UnitTestResult>
  </Results>
</TestRun>